101.0 total snapshots
Draw frame number 1
Draw frame number 2
Draw frame number 3
Draw frame number 4
Draw frame number 5
Draw frame number 6
Draw frame number 7
Draw frame number 8
Draw frame number 9
Draw frame number 10
Draw frame number 11
Draw frame number 12
Draw frame number 13
Draw frame number 14
Draw frame number 15
Draw frame number 16
Draw frame number 17
Draw frame number 18
Draw frame number 19
Draw frame number 20
Draw frame number 21
Draw frame number 22
Draw frame number 23
Draw frame number 24
Draw frame number 25
Draw frame number 26
Draw frame number 27
Draw frame number 28
Draw frame number 29
Draw frame number 30
Draw frame number 31
Draw frame number 32
Draw frame number 33
Draw frame number 34
Draw frame number 35
Draw frame number 36
Draw frame number 37
Draw frame number 38
Draw frame number 39
Draw frame number 40
Draw frame number 41
Draw frame number 42
Draw frame number 43
Draw frame number 44
Draw frame number 45
Draw frame number 46
Draw frame number 47
Draw frame number 48
Draw frame number 49
Draw frame number 50
Draw frame number 51
Draw frame number 52
Draw frame number 53
Draw frame number 54
Draw frame number 55
Draw frame number 56
Draw frame number 57
Draw frame number 58
Draw frame number 59
Draw frame number 60
Draw frame number 61
Draw frame number 62
Draw frame number 63
Draw frame number 64
Draw frame number 65
Draw frame number 66
Draw frame number 67
Draw frame number 68
Draw frame number 69
Draw frame number 70
Draw frame number 71
Draw frame number 72
Draw frame number 73
Draw frame number 74
Draw frame number 75
Draw frame number 76
Draw frame number 77
Draw frame number 78
Draw frame number 79
Draw frame number 80
Draw frame number 81
Draw frame number 82
Draw frame number 83
Draw frame number 84
Draw frame number 85
Draw frame number 86
Draw frame number 87
Draw frame number 88
Draw frame number 89
Draw frame number 90
Draw frame number 91
Draw frame number 92
Draw frame number 93
Draw frame number 94
Draw frame number 95
Draw frame number 96
Draw frame number 97
Draw frame number 98
Draw frame number 99
Draw frame number 100
Draw frame number 101

Running on node01-39 with job id 250291


real	0m0.000s
user	0m0.000s
sys	0m0.000s
